[2018-10-29 17:14:14,303] INFO in _internal:  * Restarting with stat
[2018-10-29 17:14:14,895] WARNING in _internal:  * Debugger is active!
[2018-10-29 17:14:14,902] INFO in _internal:  * Debugger PIN: 729-978-626
[2018-10-29 17:14:14,911] INFO in _internal:  * Running on http://127.0.0.1:5000/ (Press CTRL+C to quit)
[2018-10-29 17:14:16,166] INFO in webSpider: url：http://127.0.0.1:5000/funds?subCategory=灵活配置型，heards：Host: 127.0.0.1:5000
Connection: keep-alive
Cache-Control: max-age=0
Upgrade-Insecure-Requests: 1
User-Agent: Mozilla/5.0 (Windows NT 10.0; WOW64) AppleWebKit/537.36 (KHTML, like Gecko) Chrome/70.0.3538.77 Safari/537.36
Accept: text/html,application/xhtml+xml,application/xml;q=0.9,image/webp,image/apng,*/*;q=0.8
Accept-Encoding: gzip, deflate, br
Accept-Language: zh-CN,zh;q=0.9,en;q=0.8


[2018-10-29 17:14:16,213] INFO in log: SHOW VARIABLES LIKE 'sql_mode'
[2018-10-29 17:14:16,213] INFO in log: {}
[2018-10-29 17:14:16,219] INFO in log: SELECT DATABASE()
[2018-10-29 17:14:16,219] INFO in log: {}
[2018-10-29 17:14:16,220] INFO in log: show collation where `Charset` = 'utf8mb4' and `Collation` = 'utf8mb4_bin'
[2018-10-29 17:14:16,220] INFO in log: {}
[2018-10-29 17:14:16,223] INFO in log: SELECT CAST('test plain returns' AS CHAR(60)) AS anon_1
[2018-10-29 17:14:16,223] INFO in log: {}
[2018-10-29 17:14:16,224] INFO in log: SELECT CAST('test unicode returns' AS CHAR(60)) AS anon_1
[2018-10-29 17:14:16,224] INFO in log: {}
[2018-10-29 17:14:16,224] INFO in log: SELECT CAST('test collated returns' AS CHAR CHARACTER SET utf8mb4) COLLATE utf8mb4_bin AS anon_1
[2018-10-29 17:14:16,224] INFO in log: {}
[2018-10-29 17:14:16,225] INFO in log: BEGIN (implicit)
[2018-10-29 17:14:16,225] INFO in log: SELECT max(fundsnetvalue.`navDate`) AS max_1 
FROM fundsnetvalue, funds 
WHERE funds.id = fundsnetvalue.`fundId` AND funds.`subCategory` = %(subCategory_1)s 
 LIMIT %(param_1)s
[2018-10-29 17:14:16,225] INFO in log: {'subCategory_1': '灵活配置型', 'param_1': 1}
[2018-10-29 17:14:16,238] INFO in log: SELECT count(*) AS count_1 
FROM (SELECT funds.id AS funds_id, funds.code AS funds_code, funds.title AS funds_title, funds.category AS funds_category, funds.`subCategory` AS `funds_subCategory`, funds.`mechanismCode` AS `funds_mechanismCode`, funds.`createTime` AS `funds_createTime`, fundsnetvalue.id AS fundsnetvalue_id, fundsnetvalue.`annualizedRate` AS `fundsnetvalue_annualizedRate`, fundsnetvalue.`unitNav` AS `fundsnetvalue_unitNav`, fundsnetvalue.`navDate` AS `fundsnetvalue_navDate`, fundsnetvalue.`createTime` AS `fundsnetvalue_createTime`, fundsnetvalue.`fundId` AS `fundsnetvalue_fundId` 
FROM funds INNER JOIN fundsnetvalue ON funds.id = fundsnetvalue.`fundId` 
WHERE funds.`subCategory` = %(subCategory_1)s AND fundsnetvalue.`navDate` = %(navDate_1)s) AS anon_1
[2018-10-29 17:14:16,238] INFO in log: {'subCategory_1': '灵活配置型', 'navDate_1': datetime.datetime(2018, 10, 29, 0, 0)}
[2018-10-29 17:14:16,241] INFO in log: SELECT funds.id AS funds_id, funds.code AS funds_code, funds.title AS funds_title, funds.category AS funds_category, funds.`subCategory` AS `funds_subCategory`, funds.`mechanismCode` AS `funds_mechanismCode`, funds.`createTime` AS `funds_createTime`, fundsnetvalue.id AS fundsnetvalue_id, fundsnetvalue.`annualizedRate` AS `fundsnetvalue_annualizedRate`, fundsnetvalue.`unitNav` AS `fundsnetvalue_unitNav`, fundsnetvalue.`navDate` AS `fundsnetvalue_navDate`, fundsnetvalue.`createTime` AS `fundsnetvalue_createTime`, fundsnetvalue.`fundId` AS `fundsnetvalue_fundId` 
FROM funds INNER JOIN fundsnetvalue ON funds.id = fundsnetvalue.`fundId` 
WHERE funds.`subCategory` = %(subCategory_1)s AND fundsnetvalue.`navDate` = %(navDate_1)s 
 LIMIT %(param_1)s, %(param_2)s
[2018-10-29 17:14:16,241] INFO in log: {'subCategory_1': '灵活配置型', 'navDate_1': datetime.datetime(2018, 10, 29, 0, 0), 'param_1': 0, 'param_2': 10}
[2018-10-29 17:14:16,245] INFO in log: SELECT count(*) AS count_1 
FROM (SELECT funds.id AS funds_id, funds.code AS funds_code, funds.title AS funds_title, funds.category AS funds_category, funds.`subCategory` AS `funds_subCategory`, funds.`mechanismCode` AS `funds_mechanismCode`, funds.`createTime` AS `funds_createTime`, fundsnetvalue.id AS fundsnetvalue_id, fundsnetvalue.`annualizedRate` AS `fundsnetvalue_annualizedRate`, fundsnetvalue.`unitNav` AS `fundsnetvalue_unitNav`, fundsnetvalue.`navDate` AS `fundsnetvalue_navDate`, fundsnetvalue.`createTime` AS `fundsnetvalue_createTime`, fundsnetvalue.`fundId` AS `fundsnetvalue_fundId` 
FROM funds INNER JOIN fundsnetvalue ON funds.id = fundsnetvalue.`fundId` 
WHERE funds.`subCategory` = %(subCategory_1)s AND fundsnetvalue.`navDate` = %(navDate_1)s) AS anon_1
[2018-10-29 17:14:16,246] INFO in log: {'subCategory_1': '灵活配置型', 'navDate_1': datetime.datetime(2018, 10, 29, 0, 0)}
[2018-10-29 17:14:16,248] INFO in log: COMMIT
[2018-10-29 17:14:16,249] INFO in _internal: 127.0.0.1 - - [29/Oct/2018 17:14:16] "GET /funds?subCategory=%E7%81%B5%E6%B4%BB%E9%85%8D%E7%BD%AE%E5%9E%8B HTTP/1.1" 200 -
